{
  "RSpec": {
    "coverage": {
      "/Users/ebartlett/workspace/cs169/ratemypup/app/controllers/application_controller.rb": [
        1,
        1,
        null
      ],
      "/Users/ebartlett/workspace/cs169/ratemypup/app/helpers/application_helper.rb": [
        1,
        null
      ],
      "/Users/ebartlett/workspace/cs169/ratemypup/app/controllers/pups_controller.rb": [
        1,
        null,
        1,
        0,
        null,
        null,
        1,
        null,
        null,
        null,
        1,
        0,
        null,
        null,
        1,
        0,
        0,
        0,
        null,
        1,
        2,
        2,
        2,
        null,
        null,
        1,
        0,
        0,
        0,
        null,
        1,
        0,
        0,
        0,
        null,
        null,
        null
      ],
      "/Users/ebartlett/workspace/cs169/ratemypup/app/models/pup.rb": [
        1,
        null,
        1,
        null,
        1,
        null,
        null,
        1,
        5,
        5,
        5,
        null,
        null,
        1,
        3,
        3,
        null,
        3,
        5,
        25,
        null,
        null,
        13,
        3,
        null,
        null,
        null,
        null
      ],
      "/Users/ebartlett/workspace/cs169/ratemypup/app/models/breeder.rb": [
        1,
        1,
        1,
        null
      ]
    },
    "timestamp": 1425929870
  }
}
